<?xml version="1.0" encoding="UTF-8"?>
<testng-results skipped="0" failed="0" ignored="0" total="0" passed="0">
  <reporter-output>
  </reporter-output>
  <suite name="org.test.SampleTest" duration-ms="3" started-at="2022-05-09T12:51:07Z" finished-at="2022-05-09T12:51:07Z">
    <groups>
    </groups>
    <test name="Command line test" duration-ms="3" started-at="2022-05-09T12:51:07Z" finished-at="2022-05-09T12:51:07Z">
    </test> <!-- Command line test -->
  </suite> <!-- org.test.SampleTest -->
</testng-results>
